2024-11-27 13:19:14,526 - INFO - 데이터셋 다운로드 및 압축 해제 시작
2024-11-27 13:19:14,526 - INFO - 다운로드 중: mohammedgamal37l30
2024-11-27 13:19:20,087 - INFO - 압축 해제 중: mohammedgamal37l30
2024-11-27 13:19:20,766 - INFO - 다운로드 중: hemooredaoo
2024-11-27 13:19:45,801 - INFO - 압축 해제 중: hemooredaoo
2024-11-27 13:19:47,448 - INFO - 다운로드 중: alexandramohammed
2024-11-27 13:19:48,854 - INFO - 압축 해제 중: alexandramohammed
2024-11-27 13:19:48,862 - INFO - 이미지 파일 처리 시작
2024-11-27 13:19:48,862 - INFO - 처리 중: cataract
2024-11-27 13:19:48,865 - INFO - 처리된 이미지 수: 32 (에러: 0)
2024-11-27 13:19:48,866 - INFO - 원본 폴더 삭제 완료: /home/mia/a-eye-lab-research/dataset/data/alexandramohammed
2024-11-27 13:19:48,866 - INFO - 완료: cataract
2024-11-27 13:19:48,866 - INFO - 처리 중: processed_images
2024-11-27 13:19:48,875 - INFO - Removing ICC profile: /home/mia/a-eye-lab-research/dataset/data/C002/1/train_image_31.png
2024-11-27 13:19:49,034 - INFO - Removing ICC profile: /home/mia/a-eye-lab-research/dataset/data/C002/1/train_image_245.png
2024-11-27 13:19:49,107 - INFO - Removing ICC profile: /home/mia/a-eye-lab-research/dataset/data/C002/1/train_image_72.png
2024-11-27 13:19:49,281 - INFO - Removing ICC profile: /home/mia/a-eye-lab-research/dataset/data/C002/1/train_image_212.png
2024-11-27 13:19:49,532 - INFO - Removing ICC profile: /home/mia/a-eye-lab-research/dataset/data/C002/1/train_image_190.png
2024-11-27 13:19:49,806 - INFO - Removing ICC profile: /home/mia/a-eye-lab-research/dataset/data/C002/1/train_image_74.png
2024-11-27 13:19:50,564 - INFO - Removing ICC profile: /home/mia/a-eye-lab-research/dataset/data/C002/1/train_image_63.png
2024-11-27 13:19:50,849 - INFO - Removing ICC profile: /home/mia/a-eye-lab-research/dataset/data/C002/1/train_image_127.png
2024-11-27 13:19:50,960 - INFO - Removing ICC profile: /home/mia/a-eye-lab-research/dataset/data/C002/1/train_image_211.png
2024-11-27 13:19:51,580 - INFO - Removing ICC profile: /home/mia/a-eye-lab-research/dataset/data/C002/1/train_image_230.png
2024-11-27 13:19:51,776 - INFO - Removing ICC profile: /home/mia/a-eye-lab-research/dataset/data/C002/1/train_image_104.png
2024-11-27 13:19:52,035 - INFO - Removing ICC profile: /home/mia/a-eye-lab-research/dataset/data/C002/1/train_image_51.png
2024-11-27 13:19:52,087 - INFO - Removing ICC profile: /home/mia/a-eye-lab-research/dataset/data/C002/1/train_image_145.png
2024-11-27 13:19:52,609 - INFO - Removing ICC profile: /home/mia/a-eye-lab-research/dataset/data/C002/1/train_image_213.png
2024-11-27 13:19:52,772 - INFO - Removing ICC profile: /home/mia/a-eye-lab-research/dataset/data/C002/1/train_image_110.png
2024-11-27 13:19:52,956 - INFO - Removing ICC profile: /home/mia/a-eye-lab-research/dataset/data/C002/1/train_image_115.png
2024-11-27 13:19:53,049 - INFO - Removing ICC profile: /home/mia/a-eye-lab-research/dataset/data/C002/1/train_image_231.png
2024-11-27 13:19:53,127 - INFO - Removing ICC profile: /home/mia/a-eye-lab-research/dataset/data/C002/1/train_image_123.png
2024-11-27 13:19:53,140 - INFO - Removing ICC profile: /home/mia/a-eye-lab-research/dataset/data/C002/1/train_image_139.png
2024-11-27 13:19:53,301 - INFO - Removing ICC profile: /home/mia/a-eye-lab-research/dataset/data/C002/1/train_image_194.png
2024-11-27 13:19:54,052 - INFO - Removing ICC profile: /home/mia/a-eye-lab-research/dataset/data/C002/1/train_image_3.png
2024-11-27 13:19:54,223 - INFO - Removing ICC profile: /home/mia/a-eye-lab-research/dataset/data/C002/1/train_image_173.png
2024-11-27 13:19:54,291 - INFO - Removing ICC profile: /home/mia/a-eye-lab-research/dataset/data/C002/1/train_image_102.png
2024-11-27 13:19:54,453 - INFO - Removing ICC profile: /home/mia/a-eye-lab-research/dataset/data/C002/1/train_image_17.png
2024-11-27 13:19:54,513 - INFO - Removing ICC profile: /home/mia/a-eye-lab-research/dataset/data/C002/1/train_image_207.png
2024-11-27 13:19:54,673 - INFO - Removing ICC profile: /home/mia/a-eye-lab-research/dataset/data/C002/1/train_image_50.png
2024-11-27 13:19:54,731 - INFO - Removing ICC profile: /home/mia/a-eye-lab-research/dataset/data/C002/1/train_image_187.png
2024-11-27 13:19:55,100 - INFO - Removing ICC profile: /home/mia/a-eye-lab-research/dataset/data/C002/1/train_image_80.png
2024-11-27 13:19:55,717 - INFO - Removing ICC profile: /home/mia/a-eye-lab-research/dataset/data/C002/1/train_image_192.png
2024-11-27 13:19:55,870 - INFO - Removing ICC profile: /home/mia/a-eye-lab-research/dataset/data/C002/1/train_image_163.png
2024-11-27 13:19:55,951 - INFO - Removing ICC profile: /home/mia/a-eye-lab-research/dataset/data/C002/1/train_image_33.png
2024-11-27 13:19:56,071 - INFO - Removing ICC profile: /home/mia/a-eye-lab-research/dataset/data/C002/1/train_image_197.png
2024-11-27 13:19:56,541 - INFO - Removing ICC profile: /home/mia/a-eye-lab-research/dataset/data/C002/1/train_image_85.png
2024-11-27 13:19:57,013 - INFO - Removing ICC profile: /home/mia/a-eye-lab-research/dataset/data/C002/1/train_image_202.png
2024-11-27 13:20:01,230 - INFO - Removing ICC profile: /home/mia/a-eye-lab-research/dataset/data/C002/1/train_image_30.png
2024-11-27 13:20:01,394 - INFO - Removing ICC profile: /home/mia/a-eye-lab-research/dataset/data/C002/1/train_image_7.png
2024-11-27 13:20:01,422 - INFO - Removing ICC profile: /home/mia/a-eye-lab-research/dataset/data/C002/0/train_image_188.png
2024-11-27 13:20:01,576 - INFO - Removing ICC profile: /home/mia/a-eye-lab-research/dataset/data/C002/0/train_image_132.png
2024-11-27 13:20:02,283 - INFO - Removing ICC profile: /home/mia/a-eye-lab-research/dataset/data/C002/0/train_image_12.png
2024-11-27 13:20:02,536 - INFO - Removing ICC profile: /home/mia/a-eye-lab-research/dataset/data/C002/0/train_image_206.png
2024-11-27 13:20:03,328 - INFO - Removing ICC profile: /home/mia/a-eye-lab-research/dataset/data/C002/0/train_image_212.png
2024-11-27 13:20:06,588 - INFO - Removing ICC profile: /home/mia/a-eye-lab-research/dataset/data/C002/0/train_image_176.png
2024-11-27 13:20:07,968 - INFO - Removing ICC profile: /home/mia/a-eye-lab-research/dataset/data/C002/0/train_image_169.png
2024-11-27 13:20:08,689 - INFO - Removing ICC profile: /home/mia/a-eye-lab-research/dataset/data/C002/0/train_image_167.png
2024-11-27 13:20:11,136 - INFO - Removing ICC profile: /home/mia/a-eye-lab-research/dataset/data/C002/0/train_image_232.png
2024-11-27 13:20:14,404 - INFO - Removing ICC profile: /home/mia/a-eye-lab-research/dataset/data/C002/0/train_image_211.png
2024-11-27 13:20:14,484 - INFO - Removing ICC profile: /home/mia/a-eye-lab-research/dataset/data/C002/0/train_image_230.png
2024-11-27 13:20:14,818 - INFO - Removing ICC profile: /home/mia/a-eye-lab-research/dataset/data/C002/0/train_image_145.png
2024-11-27 13:20:15,324 - INFO - Removing ICC profile: /home/mia/a-eye-lab-research/dataset/data/C002/0/train_image_242.png
2024-11-27 13:20:16,110 - INFO - Removing ICC profile: /home/mia/a-eye-lab-research/dataset/data/C002/0/train_image_175.png
2024-11-27 13:20:19,891 - INFO - Removing ICC profile: /home/mia/a-eye-lab-research/dataset/data/C002/0/train_image_210.png
2024-11-27 13:20:21,208 - INFO - Removing ICC profile: /home/mia/a-eye-lab-research/dataset/data/C002/0/train_image_191.png
2024-11-27 13:20:21,612 - INFO - Removing ICC profile: /home/mia/a-eye-lab-research/dataset/data/C002/0/train_image_234.png
2024-11-27 13:20:25,406 - INFO - Removing ICC profile: /home/mia/a-eye-lab-research/dataset/data/C002/0/train_image_214.png
2024-11-27 13:20:25,621 - INFO - Removing ICC profile: /home/mia/a-eye-lab-research/dataset/data/C002/0/train_image_139.png
2024-11-27 13:20:25,949 - INFO - Removing ICC profile: /home/mia/a-eye-lab-research/dataset/data/C002/0/train_image_241.png
2024-11-27 13:20:26,110 - INFO - Removing ICC profile: /home/mia/a-eye-lab-research/dataset/data/C002/0/train_image_181.png
2024-11-27 13:20:26,272 - INFO - Removing ICC profile: /home/mia/a-eye-lab-research/dataset/data/C002/0/train_image_170.png
2024-11-27 13:20:26,327 - INFO - train 분할 처리된 이미지 수: 978 (에러: 0)
2024-11-27 13:20:26,346 - INFO - Removing ICC profile: /home/mia/a-eye-lab-research/dataset/data/C002/1/test_image_265.png
2024-11-27 13:20:26,508 - INFO - Removing ICC profile: /home/mia/a-eye-lab-research/dataset/data/C002/1/test_image_305.png
2024-11-27 13:20:26,676 - INFO - Removing ICC profile: /home/mia/a-eye-lab-research/dataset/data/C002/1/test_image_277.png
2024-11-27 13:20:27,186 - INFO - Removing ICC profile: /home/mia/a-eye-lab-research/dataset/data/C002/1/test_image_275.png
2024-11-27 13:20:27,362 - INFO - Removing ICC profile: /home/mia/a-eye-lab-research/dataset/data/C002/1/test_image_278.png
2024-11-27 13:20:31,599 - INFO - Removing ICC profile: /home/mia/a-eye-lab-research/dataset/data/C002/1/test_image_263.png
2024-11-27 13:20:31,759 - INFO - Removing ICC profile: /home/mia/a-eye-lab-research/dataset/data/C002/1/test_image_267.png
2024-11-27 13:20:31,971 - INFO - Removing ICC profile: /home/mia/a-eye-lab-research/dataset/data/C002/0/test_image_266.png
2024-11-27 13:20:33,297 - INFO - Removing ICC profile: /home/mia/a-eye-lab-research/dataset/data/C002/0/test_image_269.png
2024-11-27 13:20:33,553 - INFO - Removing ICC profile: /home/mia/a-eye-lab-research/dataset/data/C002/0/test_image_263.png
2024-11-27 13:20:33,947 - INFO - Removing ICC profile: /home/mia/a-eye-lab-research/dataset/data/C002/0/test_image_273.png
2024-11-27 13:20:35,312 - INFO - Removing ICC profile: /home/mia/a-eye-lab-research/dataset/data/C002/0/test_image_249.png
2024-11-27 13:20:35,379 - INFO - Removing ICC profile: /home/mia/a-eye-lab-research/dataset/data/C002/0/test_image_257.png
2024-11-27 13:20:35,810 - INFO - test 분할 처리된 이미지 수: 121 (에러: 0)
2024-11-27 13:20:35,810 - INFO - 총 처리된 이미지 수: 1099 (총 에러: 0)
2024-11-27 13:20:35,878 - INFO - 원본 폴더 삭제 완료: /home/mia/a-eye-lab-research/dataset/data/hemooredaoo
2024-11-27 13:20:35,878 - INFO - 완료: processed_images
2024-11-27 13:20:35,878 - INFO - 처리 중: eye_cataract
2024-11-27 13:20:36,198 - INFO - train 분할 처리된 이미지 수: 3712 (에러: 0)
2024-11-27 13:20:36,303 - INFO - test 분할 처리된 이미지 수: 1237 (에러: 0)
2024-11-27 13:20:36,410 - INFO - valid 분할 처리된 이미지 수: 1237 (에러: 0)
2024-11-27 13:20:36,410 - INFO - 총 처리된 이미지 수: 6186 (총 에러: 0)
2024-11-27 13:20:36,495 - INFO - 원본 폴더 삭제 완료: /home/mia/a-eye-lab-research/dataset/data/mohammedgamal37l30
2024-11-27 13:20:36,495 - INFO - 완료: eye_cataract
